<?xml version="1.0" encoding="UTF-8"?>
<testsuite name="org.example.springboot.web.dto.HelloResponseDtoTest" tests="1" skipped="0" failures="0" errors="0" timestamp="2022-03-06T15:19:16" hostname="shafferui-MacBookPro.local" time="0.078">
  <properties/>
  <testcase name="롬복_기능_테스트()" classname="org.example.springboot.web.dto.HelloResponseDtoTest" time="0.078"/>
  <system-out><![CDATA[]]></system-out>
  <system-err><![CDATA[]]></system-err>
</testsuite>
