<?xml version="1.0" encoding="UTF-8"?>
<testsuite name="org.example.springboot.web.domain.posts.PostsRepositoryTest" tests="2" skipped="0" failures="0" errors="0" timestamp="2022-03-19T12:56:29" hostname="shafferui-MacBookPro.local" time="0.267">
  <properties/>
  <testcase name="게시글저장_불러오기()" classname="org.example.springboot.web.domain.posts.PostsRepositoryTest" time="0.242"/>
  <testcase name="BaseTimeEntity_등록()" classname="org.example.springboot.web.domain.posts.PostsRepositoryTest" time="0.024"/>
  <system-out><![CDATA[21:56:23.483 [Test worker] DEBUG org.springframework.test.context.BootstrapUtils - Instantiating CacheAwareContextLoaderDelegate from class [org.springframework.test.context.cache.DefaultCacheAwareContextLoaderDelegate]
21:56:23.502 [Test worker] DEBUG org.springframework.test.context.BootstrapUtils - Instantiating BootstrapContext using constructor [public org.springframework.test.context.support.DefaultBootstrapContext(java.lang.Class,org.springframework.test.context.CacheAwareContextLoaderDelegate)]
21:56:23.565 [Test worker] DEBUG org.springframework.test.context.BootstrapUtils - Instantiating TestContextBootstrapper for test class [org.example.springboot.web.domain.posts.PostsRepositoryTest] from class [org.springframework.boot.test.context.SpringBootTestContextBootstrapper]
21:56:23.584 [Test worker] INFO org.springframework.boot.test.context.SpringBootTestContextBootstrapper - Neither @ContextConfiguration nor @ContextHierarchy found for test class [org.example.springboot.web.domain.posts.PostsRepositoryTest], using SpringBootContextLoader
21:56:23.594 [Test worker] DEBUG org.springframework.test.context.support.AbstractContextLoader - Did not detect default resource location for test class [org.example.springboot.web.domain.posts.PostsRepositoryTest]: class path resource [org/example/springboot/web/domain/posts/PostsRepositoryTest-context.xml] does not exist
21:56:23.595 [Test worker] DEBUG org.springframework.test.context.support.AbstractContextLoader - Did not detect default resource location for test class [org.example.springboot.web.domain.posts.PostsRepositoryTest]: class path resource [org/example/springboot/web/domain/posts/PostsRepositoryTestContext.groovy] does not exist
21:56:23.595 [Test worker] INFO org.springframework.test.context.support.AbstractContextLoader - Could not detect default resource locations for test class [org.example.springboot.web.domain.posts.PostsRepositoryTest]: no resource found for suffixes {-context.xml, Context.groovy}.
21:56:23.597 [Test worker] INFO org.springframework.test.context.support.AnnotationConfigContextLoaderUtils - Could not detect default configuration classes for test class [org.example.springboot.web.domain.posts.PostsRepositoryTest]: PostsRepositoryTest does not declare any static, non-private, non-final, nested classes annotated with @Configuration.
21:56:23.658 [Test worker] DEBUG org.springframework.test.context.support.ActiveProfilesUtils - Could not find an 'annotation declaring class' for annotation type [org.springframework.test.context.ActiveProfiles] and class [org.example.springboot.web.domain.posts.PostsRepositoryTest]
21:56:23.753 [Test worker] DEBUG org.springframework.context.annotation.ClassPathScanningCandidateComponentProvider - Identified candidate component class: file [/Users/shaffer/IdeaProjects/FirstProject/build/classes/java/main/org/example/springboot/Application.class]
21:56:23.754 [Test worker] INFO org.springframework.boot.test.context.SpringBootTestContextBootstrapper - Found @SpringBootConfiguration org.example.springboot.Application for test class org.example.springboot.web.domain.posts.PostsRepositoryTest
21:56:23.846 [Test worker] DEBUG org.springframework.boot.test.context.SpringBootTestContextBootstrapper - @TestExecutionListeners is not present for class [org.example.springboot.web.domain.posts.PostsRepositoryTest]: using defaults.
21:56:23.846 [Test worker] INFO org.springframework.boot.test.context.SpringBootTestContextBootstrapper - Loaded default TestExecutionListener class names from location [META-INF/spring.factories]: [org.springframework.security.test.context.support.WithSecurityContextTestExecutionListener, org.springframework.security.test.context.support.ReactorContextTestExecutionListener, org.springframework.boot.test.autoconfigure.restdocs.RestDocsTestExecutionListener, org.springframework.boot.test.autoconfigure.web.client.MockRestServiceServerResetTestExecutionListener, org.springframework.boot.test.autoconfigure.web.servlet.MockMvcPrintOnlyOnFailureTestExecutionListener, org.springframework.boot.test.autoconfigure.web.servlet.WebDriverTestExecutionListener, org.springframework.boot.test.autoconfigure.webservices.client.MockWebServiceServerTestExecutionListener, org.springframework.boot.test.mock.mockito.MockitoTestExecutionListener, org.springframework.boot.test.mock.mockito.ResetMocksTestExecutionListener, org.springframework.test.context.web.ServletTestExecutionListener, org.springframework.test.context.support.DirtiesContextBeforeModesTestExecutionListener, org.springframework.test.context.support.DependencyInjectionTestExecutionListener, org.springframework.test.context.support.DirtiesContextTestExecutionListener, org.springframework.test.context.transaction.TransactionalTestExecutionListener, org.springframework.test.context.jdbc.SqlScriptsTestExecutionListener, org.springframework.test.context.event.EventPublishingTestExecutionListener]
21:56:23.871 [Test worker] INFO org.springframework.boot.test.context.SpringBootTestContextBootstrapper - Using TestExecutionListeners: [org.springframework.test.context.web.ServletTestExecutionListener@5e220090, org.springframework.test.context.support.DirtiesContextBeforeModesTestExecutionListener@21b5fadb, org.springframework.boot.test.mock.mockito.MockitoTestExecutionListener@2bbb39b7, org.springframework.boot.test.autoconfigure.SpringBootDependencyInjectionTestExecutionListener@32abcddc, org.springframework.test.context.support.DirtiesContextTestExecutionListener@7cc37d99, org.springframework.test.context.transaction.TransactionalTestExecutionListener@722e23f8, org.springframework.test.context.jdbc.SqlScriptsTestExecutionListener@aada8b, org.springframework.security.test.context.support.WithSecurityContextTestExecutionListener@6c83226f, org.springframework.test.context.event.EventPublishingTestExecutionListener@b4bb5d3, org.springframework.security.test.context.support.ReactorContextTestExecutionListener@87976a1, org.springframework.boot.test.autoconfigure.restdocs.RestDocsTestExecutionListener@5ed19ba7, org.springframework.boot.test.autoconfigure.web.client.MockRestServiceServerResetTestExecutionListener@2b345a48, org.springframework.boot.test.autoconfigure.web.servlet.MockMvcPrintOnlyOnFailureTestExecutionListener@7d0797d0, org.springframework.boot.test.autoconfigure.web.servlet.WebDriverTestExecutionListener@3e883aaf, org.springframework.boot.test.autoconfigure.webservices.client.MockWebServiceServerTestExecutionListener@6c56827a, org.springframework.boot.test.mock.mockito.ResetMocksTestExecutionListener@653973a2]
21:56:23.875 [Test worker] DEBUG org.springframework.test.context.support.AbstractDirtiesContextTestExecutionListener - Before test class: context [DefaultTestContext@584b6e1a testClass = PostsRepositoryTest, testInstance = [null], testMethod = [null], testException = [null], mergedContextConfiguration = [WebMergedContextConfiguration@2a5b48d testClass = PostsRepositoryTest, locations = '{}', classes = '{class org.example.springboot.Application}', contextInitializerClasses = '[]', activeProfiles = '{}', propertySourceLocations = '{}', propertySourceProperties = '{org.springframework.boot.test.context.SpringBootTestContextBootstrapper=true}', contextCustomizers = set[org.springframework.boot.test.autoconfigure.actuate.metrics.MetricsExportContextCustomizerFactory$DisableMetricExportContextCustomizer@1caf7669, org.springframework.boot.test.autoconfigure.properties.PropertyMappingContextCustomizer@0, org.springframework.boot.test.autoconfigure.web.servlet.WebDriverContextCustomizerFactory$Customizer@255dd719, org.springframework.boot.test.context.filter.ExcludeFilterContextCustomizer@7325f707, org.springframework.boot.test.json.DuplicateJsonObjectContextCustomizerFactory$DuplicateJsonObjectContextCustomizer@5a18f65f, org.springframework.boot.test.mock.mockito.MockitoContextCustomizer@0, org.springframework.boot.test.web.client.TestRestTemplateContextCustomizer@16bb1a38, org.springframework.boot.test.context.SpringBootTestArgs@1, org.springframework.boot.test.context.SpringBootTestWebEnvironment@c3e365d], resourceBasePath = 'src/main/webapp', contextLoader = 'org.springframework.boot.test.context.SpringBootContextLoader', parent = [null]], attributes = map['org.springframework.test.context.web.ServletTestExecutionListener.activateListener' -> true]], class annotated with @DirtiesContext [false] with mode [null].
21:56:23.919 [Test worker] DEBUG org.springframework.test.context.support.TestPropertySourceUtils - Adding inlined properties to environment: {spring.jmx.enabled=false, org.springframework.boot.test.context.SpringBootTestContextBootstrapper=true}

  .   ____          _            __ _ _
 /\\ / ___'_ __ _ _(_)_ __  __ _ \ \ \ \
( ( )\___ | '_ | '_| | '_ \/ _` | \ \ \ \
 \\/  ___)| |_)| | | | | || (_| |  ) ) ) )
  '  |____| .__|_| |_|_| |_\__, | / / / /
 =========|_|==============|___/=/_/_/_/
 :: Spring Boot ::                (v2.4.1)

2022-03-19 21:56:24.302  INFO 915 --- [    Test worker] o.e.s.w.d.posts.PostsRepositoryTest      : Starting PostsRepositoryTest using Java 1.8.0_321 on shafferui-MacBookPro.local with PID 915 (started by shaffer in /Users/shaffer/IdeaProjects/FirstProject)
2022-03-19 21:56:24.305  INFO 915 --- [    Test worker] o.e.s.w.d.posts.PostsRepositoryTest      : No active profile set, falling back to default profiles: default
2022-03-19 21:56:25.035  INFO 915 --- [    Test worker] .s.d.r.c.RepositoryConfigurationDelegate : Bootstrapping Spring Data JPA repositories in DEFAULT mode.
2022-03-19 21:56:25.106  INFO 915 --- [    Test worker] .s.d.r.c.RepositoryConfigurationDelegate : Finished Spring Data repository scanning in 62 ms. Found 2 JPA repository interfaces.
2022-03-19 21:56:25.787  INFO 915 --- [    Test worker] com.zaxxer.hikari.HikariDataSource       : HikariPool-1 - Starting...
2022-03-19 21:56:25.982  INFO 915 --- [    Test worker] com.zaxxer.hikari.HikariDataSource       : HikariPool-1 - Start completed.
2022-03-19 21:56:26.056  INFO 915 --- [    Test worker] o.hibernate.jpa.internal.util.LogHelper  : HHH000204: Processing PersistenceUnitInfo [name: default]
2022-03-19 21:56:26.124  INFO 915 --- [    Test worker] org.hibernate.Version                    : HHH000412: Hibernate ORM core version 5.4.25.Final
2022-03-19 21:56:26.292  INFO 915 --- [    Test worker] o.hibernate.annotations.common.Version   : HCANN000001: Hibernate Commons Annotations {5.1.2.Final}
2022-03-19 21:56:26.425  INFO 915 --- [    Test worker] org.hibernate.dialect.Dialect            : HHH000400: Using dialect: org.hibernate.dialect.MySQL57Dialect
Hibernate: drop table if exists posts
Hibernate: drop table if exists user
Hibernate: create table posts (id bigint not null auto_increment, created_date datetime(6), modified_date datetime(6), author varchar(255), content TEXT not null, title varchar(500) not null, primary key (id)) engine=InnoDB
Hibernate: create table user (id bigint not null auto_increment, created_date datetime(6), modified_date datetime(6), email varchar(255) not null, name varchar(255) not null, picture varchar(255), role varchar(255) not null, primary key (id)) engine=InnoDB
2022-03-19 21:56:27.062  INFO 915 --- [    Test worker] o.h.e.t.j.p.i.JtaPlatformInitiator       : HHH000490: Using JtaPlatform implementation: [org.hibernate.engine.transaction.jta.platform.internal.NoJtaPlatform]
2022-03-19 21:56:27.073  INFO 915 --- [    Test worker] j.LocalContainerEntityManagerFactoryBean : Initialized JPA EntityManagerFactory for persistence unit 'default'
2022-03-19 21:56:27.634  WARN 915 --- [    Test worker] JpaBaseConfiguration$JpaWebConfiguration : spring.jpa.open-in-view is enabled by default. Therefore, database queries may be performed during view rendering. Explicitly configure spring.jpa.open-in-view to disable this warning
2022-03-19 21:56:28.379  INFO 915 --- [    Test worker] o.s.s.web.DefaultSecurityFilterChain     : Will secure any request with [org.springframework.security.web.context.request.async.WebAsyncManagerIntegrationFilter@494ed29f, org.springframework.security.web.context.SecurityContextPersistenceFilter@748c91ef, org.springframework.security.web.header.HeaderWriterFilter@31c8d1c8, org.springframework.security.web.authentication.logout.LogoutFilter@7db1f43c, org.springframework.security.oauth2.client.web.OAuth2AuthorizationRequestRedirectFilter@10fc9200, org.springframework.security.oauth2.client.web.OAuth2LoginAuthenticationFilter@6f53c16e, org.springframework.security.web.authentication.ui.DefaultLoginPageGeneratingFilter@4eb3bf0f, org.springframework.security.web.authentication.ui.DefaultLogoutPageGeneratingFilter@2d48a37, org.springframework.security.web.savedrequest.RequestCacheAwareFilter@5e19831b, org.springframework.security.web.servletapi.SecurityContextHolderAwareRequestFilter@2c1b7559, org.springframework.security.web.authentication.AnonymousAuthenticationFilter@264c98c2, org.springframework.security.web.session.SessionManagementFilter@273efb43, org.springframework.security.web.access.ExceptionTranslationFilter@6da02ed1, org.springframework.security.web.access.intercept.FilterSecurityInterceptor@3b3f1a25]
2022-03-19 21:56:28.812  INFO 915 --- [    Test worker] o.s.s.concurrent.ThreadPoolTaskExecutor  : Initializing ExecutorService 'applicationTaskExecutor'
2022-03-19 21:56:28.873  INFO 915 --- [    Test worker] o.s.b.a.h2.H2ConsoleAutoConfiguration    : H2 console available at '/h2-console'. Database available at 'jdbc:h2:mem:testdb'
2022-03-19 21:56:28.944  INFO 915 --- [    Test worker] o.s.b.a.w.s.WelcomePageHandlerMapping    : Adding welcome page template: index
2022-03-19 21:56:29.353  INFO 915 --- [    Test worker] s.a.ScheduledAnnotationBeanPostProcessor : No TaskScheduler/ScheduledExecutorService bean found for scheduled processing
2022-03-19 21:56:29.363  INFO 915 --- [    Test worker] o.e.s.w.d.posts.PostsRepositoryTest      : Started PostsRepositoryTest in 5.428 seconds (JVM running for 7.068)
Hibernate: insert into posts (created_date, modified_date, author, content, title) values (?, ?, ?, ?, ?)
Hibernate: select posts0_.id as id1_0_, posts0_.created_date as created_2_0_, posts0_.modified_date as modified3_0_, posts0_.author as author4_0_, posts0_.content as content5_0_, posts0_.title as title6_0_ from posts posts0_
Hibernate: select posts0_.id as id1_0_, posts0_.created_date as created_2_0_, posts0_.modified_date as modified3_0_, posts0_.author as author4_0_, posts0_.content as content5_0_, posts0_.title as title6_0_ from posts posts0_
Hibernate: delete from posts where id=?
Hibernate: insert into posts (created_date, modified_date, author, content, title) values (?, ?, ?, ?, ?)
Hibernate: select posts0_.id as id1_0_, posts0_.created_date as created_2_0_, posts0_.modified_date as modified3_0_, posts0_.author as author4_0_, posts0_.content as content5_0_, posts0_.title as title6_0_ from posts posts0_
>>>>>>>> createdDate=2022-03-19T21:56:29.629, modifiedDate=2022-03-19T21:56:29.629
Hibernate: select posts0_.id as id1_0_, posts0_.created_date as created_2_0_, posts0_.modified_date as modified3_0_, posts0_.author as author4_0_, posts0_.content as content5_0_, posts0_.title as title6_0_ from posts posts0_
Hibernate: delete from posts where id=?
]]></system-out>
  <system-err><![CDATA[]]></system-err>
</testsuite>
