<?xml version="1.0" encoding="UTF-8"?>
<testsuite name="org.example.springboot.web.HelloControllerTest" tests="2" skipped="0" failures="0" errors="0" timestamp="2022-03-19T12:56:30" hostname="shafferui-MacBookPro.local" time="0.241">
  <properties/>
  <testcase name="hello가_리턴된다()" classname="org.example.springboot.web.HelloControllerTest" time="0.091"/>
  <testcase name="helloDto가_리턴된다()" classname="org.example.springboot.web.HelloControllerTest" time="0.147"/>
  <system-out><![CDATA[2022-03-19 21:56:29.657  INFO 915 --- [    Test worker] .b.t.a.w.s.WebMvcTestContextBootstrapper : Neither @ContextConfiguration nor @ContextHierarchy found for test class [org.example.springboot.web.HelloControllerTest], using SpringBootContextLoader
2022-03-19 21:56:29.658  INFO 915 --- [    Test worker] o.s.t.c.support.AbstractContextLoader    : Could not detect default resource locations for test class [org.example.springboot.web.HelloControllerTest]: no resource found for suffixes {-context.xml, Context.groovy}.
2022-03-19 21:56:29.658  INFO 915 --- [    Test worker] t.c.s.AnnotationConfigContextLoaderUtils : Could not detect default configuration classes for test class [org.example.springboot.web.HelloControllerTest]: HelloControllerTest does not declare any static, non-private, non-final, nested classes annotated with @Configuration.
2022-03-19 21:56:29.679  INFO 915 --- [    Test worker] .b.t.c.SpringBootTestContextBootstrapper : Found @SpringBootConfiguration org.example.springboot.Application for test class org.example.springboot.web.HelloControllerTest
2022-03-19 21:56:29.681  INFO 915 --- [    Test worker] .b.t.a.w.s.WebMvcTestContextBootstrapper : Loaded default TestExecutionListener class names from location [META-INF/spring.factories]: [org.springframework.security.test.context.support.WithSecurityContextTestExecutionListener, org.springframework.security.test.context.support.ReactorContextTestExecutionListener, org.springframework.boot.test.autoconfigure.restdocs.RestDocsTestExecutionListener, org.springframework.boot.test.autoconfigure.web.client.MockRestServiceServerResetTestExecutionListener, org.springframework.boot.test.autoconfigure.web.servlet.MockMvcPrintOnlyOnFailureTestExecutionListener, org.springframework.boot.test.autoconfigure.web.servlet.WebDriverTestExecutionListener, org.springframework.boot.test.autoconfigure.webservices.client.MockWebServiceServerTestExecutionListener, org.springframework.boot.test.mock.mockito.MockitoTestExecutionListener, org.springframework.boot.test.mock.mockito.ResetMocksTestExecutionListener, org.springframework.test.context.web.ServletTestExecutionListener, org.springframework.test.context.support.DirtiesContextBeforeModesTestExecutionListener, org.springframework.test.context.support.DependencyInjectionTestExecutionListener, org.springframework.test.context.support.DirtiesContextTestExecutionListener, org.springframework.test.context.transaction.TransactionalTestExecutionListener, org.springframework.test.context.jdbc.SqlScriptsTestExecutionListener, org.springframework.test.context.event.EventPublishingTestExecutionListener]
2022-03-19 21:56:29.682  INFO 915 --- [    Test worker] .b.t.a.w.s.WebMvcTestContextBootstrapper : Using TestExecutionListeners: [org.springframework.test.context.web.ServletTestExecutionListener@74a4f401, org.springframework.test.context.support.DirtiesContextBeforeModesTestExecutionListener@10890081, org.springframework.boot.test.mock.mockito.MockitoTestExecutionListener@1f03689a, org.springframework.boot.test.autoconfigure.SpringBootDependencyInjectionTestExecutionListener@5ddb81d0, org.springframework.test.context.support.DirtiesContextTestExecutionListener@e0c7296, org.springframework.test.context.transaction.TransactionalTestExecutionListener@56d9e6de, org.springframework.test.context.jdbc.SqlScriptsTestExecutionListener@529a0327, org.springframework.security.test.context.support.WithSecurityContextTestExecutionListener@53cecda5, org.springframework.test.context.event.EventPublishingTestExecutionListener@3ebb9d88, org.springframework.security.test.context.support.ReactorContextTestExecutionListener@274d7397, org.springframework.boot.test.autoconfigure.restdocs.RestDocsTestExecutionListener@25ccdf62, org.springframework.boot.test.autoconfigure.web.client.MockRestServiceServerResetTestExecutionListener@4a8d9b, org.springframework.boot.test.autoconfigure.web.servlet.MockMvcPrintOnlyOnFailureTestExecutionListener@627f17c7, org.springframework.boot.test.autoconfigure.web.servlet.WebDriverTestExecutionListener@2e6211d4, org.springframework.boot.test.autoconfigure.webservices.client.MockWebServiceServerTestExecutionListener@6d96ecb5, org.springframework.boot.test.mock.mockito.ResetMocksTestExecutionListener@396482c9]

  .   ____          _            __ _ _
 /\\ / ___'_ __ _ _(_)_ __  __ _ \ \ \ \
( ( )\___ | '_ | '_| | '_ \/ _` | \ \ \ \
 \\/  ___)| |_)| | | | | || (_| |  ) ) ) )
  '  |____| .__|_| |_|_| |_\__, | / / / /
 =========|_|==============|___/=/_/_/_/
 :: Spring Boot ::                (v2.4.1)

2022-03-19 21:56:29.758  INFO 915 --- [    Test worker] o.e.springboot.web.HelloControllerTest   : Starting HelloControllerTest using Java 1.8.0_321 on shafferui-MacBookPro.local with PID 915 (started by shaffer in /Users/shaffer/IdeaProjects/FirstProject)
2022-03-19 21:56:29.760  INFO 915 --- [    Test worker] o.e.springboot.web.HelloControllerTest   : No active profile set, falling back to default profiles: default
2022-03-19 21:56:30.124  INFO 915 --- [    Test worker] o.s.s.concurrent.ThreadPoolTaskExecutor  : Initializing ExecutorService 'applicationTaskExecutor'
2022-03-19 21:56:30.158  INFO 915 --- [    Test worker] o.s.b.a.w.s.WelcomePageHandlerMapping    : Adding welcome page template: index
2022-03-19 21:56:30.408  INFO 915 --- [    Test worker] o.s.s.web.DefaultSecurityFilterChain     : Will secure any request with [org.springframework.security.web.context.request.async.WebAsyncManagerIntegrationFilter@2acc3a18, org.springframework.security.web.context.SecurityContextPersistenceFilter@5d9a998a, org.springframework.security.web.header.HeaderWriterFilter@27f1ac36, org.springframework.security.web.csrf.CsrfFilter@164e73e3, org.springframework.security.web.authentication.logout.LogoutFilter@42f85085, org.springframework.security.oauth2.client.web.OAuth2AuthorizationRequestRedirectFilter@11d73826, org.springframework.security.oauth2.client.web.OAuth2AuthorizationRequestRedirectFilter@71a5e739, org.springframework.security.oauth2.client.web.OAuth2LoginAuthenticationFilter@51dfe5bc, org.springframework.security.web.authentication.ui.DefaultLoginPageGeneratingFilter@4d83dea5, org.springframework.security.web.authentication.ui.DefaultLogoutPageGeneratingFilter@2ed7d543, org.springframework.security.web.savedrequest.RequestCacheAwareFilter@ba09a8d, org.springframework.security.web.servletapi.SecurityContextHolderAwareRequestFilter@211a17d3, org.springframework.security.web.authentication.AnonymousAuthenticationFilter@63e202b3, org.springframework.security.oauth2.client.web.OAuth2AuthorizationCodeGrantFilter@282caa80, org.springframework.security.web.session.SessionManagementFilter@42c50240, org.springframework.security.web.access.ExceptionTranslationFilter@214ef440, org.springframework.security.web.access.intercept.FilterSecurityInterceptor@1ae8bb86]
2022-03-19 21:56:30.487  INFO 915 --- [    Test worker] o.s.b.t.m.w.SpringBootMockServletContext : Initializing Spring TestDispatcherServlet ''
2022-03-19 21:56:30.487  INFO 915 --- [    Test worker] o.s.t.web.servlet.TestDispatcherServlet  : Initializing Servlet ''
2022-03-19 21:56:30.489  INFO 915 --- [    Test worker] o.s.t.web.servlet.TestDispatcherServlet  : Completed initialization in 2 ms
2022-03-19 21:56:30.502  INFO 915 --- [    Test worker] o.e.springboot.web.HelloControllerTest   : Started HelloControllerTest in 0.816 seconds (JVM running for 8.208)
]]></system-out>
  <system-err><![CDATA[]]></system-err>
</testsuite>
