<?xml version="1.0" encoding="UTF-8"?>
<testsuite name="org.example.springboot.web.HelloControllerTest" tests="2" skipped="0" failures="0" errors="0" timestamp="2022-03-06T15:19:24" hostname="shafferui-MacBookPro.local" time="0.226">
  <properties/>
  <testcase name="hello가_리턴된다()" classname="org.example.springboot.web.HelloControllerTest" time="0.096"/>
  <testcase name="helloDto가_리턴된다()" classname="org.example.springboot.web.HelloControllerTest" time="0.127"/>
  <system-out><![CDATA[2022-03-07 00:19:23.547  INFO 15332 --- [    Test worker] .b.t.a.w.s.WebMvcTestContextBootstrapper : Neither @ContextConfiguration nor @ContextHierarchy found for test class [org.example.springboot.web.HelloControllerTest], using SpringBootContextLoader
2022-03-07 00:19:23.548  INFO 15332 --- [    Test worker] o.s.t.c.support.AbstractContextLoader    : Could not detect default resource locations for test class [org.example.springboot.web.HelloControllerTest]: no resource found for suffixes {-context.xml, Context.groovy}.
2022-03-07 00:19:23.548  INFO 15332 --- [    Test worker] t.c.s.AnnotationConfigContextLoaderUtils : Could not detect default configuration classes for test class [org.example.springboot.web.HelloControllerTest]: HelloControllerTest does not declare any static, non-private, non-final, nested classes annotated with @Configuration.
2022-03-07 00:19:23.568  INFO 15332 --- [    Test worker] .b.t.c.SpringBootTestContextBootstrapper : Found @SpringBootConfiguration org.example.springboot.Application for test class org.example.springboot.web.HelloControllerTest
2022-03-07 00:19:23.569  INFO 15332 --- [    Test worker] .b.t.a.w.s.WebMvcTestContextBootstrapper : Loaded default TestExecutionListener class names from location [META-INF/spring.factories]: [org.springframework.security.test.context.support.WithSecurityContextTestExecutionListener, org.springframework.security.test.context.support.ReactorContextTestExecutionListener, org.springframework.boot.test.autoconfigure.restdocs.RestDocsTestExecutionListener, org.springframework.boot.test.autoconfigure.web.client.MockRestServiceServerResetTestExecutionListener, org.springframework.boot.test.autoconfigure.web.servlet.MockMvcPrintOnlyOnFailureTestExecutionListener, org.springframework.boot.test.autoconfigure.web.servlet.WebDriverTestExecutionListener, org.springframework.boot.test.autoconfigure.webservices.client.MockWebServiceServerTestExecutionListener, org.springframework.boot.test.mock.mockito.MockitoTestExecutionListener, org.springframework.boot.test.mock.mockito.ResetMocksTestExecutionListener, org.springframework.test.context.web.ServletTestExecutionListener, org.springframework.test.context.support.DirtiesContextBeforeModesTestExecutionListener, org.springframework.test.context.support.DependencyInjectionTestExecutionListener, org.springframework.test.context.support.DirtiesContextTestExecutionListener, org.springframework.test.context.transaction.TransactionalTestExecutionListener, org.springframework.test.context.jdbc.SqlScriptsTestExecutionListener, org.springframework.test.context.event.EventPublishingTestExecutionListener]
2022-03-07 00:19:23.570  INFO 15332 --- [    Test worker] .b.t.a.w.s.WebMvcTestContextBootstrapper : Using TestExecutionListeners: [org.springframework.test.context.web.ServletTestExecutionListener@77956f55, org.springframework.test.context.support.DirtiesContextBeforeModesTestExecutionListener@87403ea, org.springframework.boot.test.mock.mockito.MockitoTestExecutionListener@5f4227f3, org.springframework.boot.test.autoconfigure.SpringBootDependencyInjectionTestExecutionListener@4eaff235, org.springframework.test.context.support.DirtiesContextTestExecutionListener@121cd372, org.springframework.test.context.transaction.TransactionalTestExecutionListener@3adfe988, org.springframework.test.context.jdbc.SqlScriptsTestExecutionListener@746c3c9f, org.springframework.security.test.context.support.WithSecurityContextTestExecutionListener@4563567d, org.springframework.test.context.event.EventPublishingTestExecutionListener@31109ae0, org.springframework.security.test.context.support.ReactorContextTestExecutionListener@74c6b6e3, org.springframework.boot.test.autoconfigure.restdocs.RestDocsTestExecutionListener@615be420, org.springframework.boot.test.autoconfigure.web.client.MockRestServiceServerResetTestExecutionListener@3ed496c8, org.springframework.boot.test.autoconfigure.web.servlet.MockMvcPrintOnlyOnFailureTestExecutionListener@b26dc68, org.springframework.boot.test.autoconfigure.web.servlet.WebDriverTestExecutionListener@4a961241, org.springframework.boot.test.autoconfigure.webservices.client.MockWebServiceServerTestExecutionListener@74d285d7, org.springframework.boot.test.mock.mockito.ResetMocksTestExecutionListener@6eaa3f53]

  .   ____          _            __ _ _
 /\\ / ___'_ __ _ _(_)_ __  __ _ \ \ \ \
( ( )\___ | '_ | '_| | '_ \/ _` | \ \ \ \
 \\/  ___)| |_)| | | | | || (_| |  ) ) ) )
  '  |____| .__|_| |_|_| |_\__, | / / / /
 =========|_|==============|___/=/_/_/_/
 :: Spring Boot ::                (v2.4.1)

2022-03-07 00:19:23.625  INFO 15332 --- [    Test worker] o.e.springboot.web.HelloControllerTest   : Starting HelloControllerTest using Java 1.8.0_321 on shafferui-MacBookPro.local with PID 15332 (started by shaffer in /Users/shaffer/IdeaProjects/FirstProject)
2022-03-07 00:19:23.626  INFO 15332 --- [    Test worker] o.e.springboot.web.HelloControllerTest   : No active profile set, falling back to default profiles: default
2022-03-07 00:19:24.002  INFO 15332 --- [    Test worker] o.s.s.concurrent.ThreadPoolTaskExecutor  : Initializing ExecutorService 'applicationTaskExecutor'
2022-03-07 00:19:24.034  INFO 15332 --- [    Test worker] o.s.b.a.w.s.WelcomePageHandlerMapping    : Adding welcome page template: index
2022-03-07 00:19:24.279  INFO 15332 --- [    Test worker] o.s.s.web.DefaultSecurityFilterChain     : Will secure any request with [org.springframework.security.web.context.request.async.WebAsyncManagerIntegrationFilter@615da56, org.springframework.security.web.context.SecurityContextPersistenceFilter@3fcaddbf, org.springframework.security.web.header.HeaderWriterFilter@71c70aae, org.springframework.security.web.csrf.CsrfFilter@3e35cedc, org.springframework.security.web.authentication.logout.LogoutFilter@71b0acff, org.springframework.security.oauth2.client.web.OAuth2AuthorizationRequestRedirectFilter@194b64bb, org.springframework.security.oauth2.client.web.OAuth2AuthorizationRequestRedirectFilter@7197cbb5, org.springframework.security.oauth2.client.web.OAuth2LoginAuthenticationFilter@16e7a21f, org.springframework.security.web.authentication.ui.DefaultLoginPageGeneratingFilter@200c457b, org.springframework.security.web.authentication.ui.DefaultLogoutPageGeneratingFilter@7bd0a055, org.springframework.security.web.savedrequest.RequestCacheAwareFilter@13385aa8, org.springframework.security.web.servletapi.SecurityContextHolderAwareRequestFilter@5a63a01b, org.springframework.security.web.authentication.AnonymousAuthenticationFilter@4856322c, org.springframework.security.oauth2.client.web.OAuth2AuthorizationCodeGrantFilter@1034702b, org.springframework.security.web.session.SessionManagementFilter@61947964, org.springframework.security.web.access.ExceptionTranslationFilter@76ab4ea0, org.springframework.security.web.access.intercept.FilterSecurityInterceptor@3c9689b2]
2022-03-07 00:19:24.362  INFO 15332 --- [    Test worker] o.s.b.t.m.w.SpringBootMockServletContext : Initializing Spring TestDispatcherServlet ''
2022-03-07 00:19:24.363  INFO 15332 --- [    Test worker] o.s.t.web.servlet.TestDispatcherServlet  : Initializing Servlet ''
2022-03-07 00:19:24.364  INFO 15332 --- [    Test worker] o.s.t.web.servlet.TestDispatcherServlet  : Completed initialization in 1 ms
2022-03-07 00:19:24.379  INFO 15332 --- [    Test worker] o.e.springboot.web.HelloControllerTest   : Started HelloControllerTest in 0.805 seconds (JVM running for 9.03)
]]></system-out>
  <system-err><![CDATA[]]></system-err>
</testsuite>
