<?xml version="1.0" encoding="UTF-8"?>
<testsuite name="org.example.springboot.web.HelloControllerTest" tests="2" skipped="0" failures="0" errors="0" timestamp="2022-03-06T15:30:22" hostname="shafferui-MacBookPro.local" time="0.223">
  <properties/>
  <testcase name="hello가_리턴된다()" classname="org.example.springboot.web.HelloControllerTest" time="0.094"/>
  <testcase name="helloDto가_리턴된다()" classname="org.example.springboot.web.HelloControllerTest" time="0.128"/>
  <system-out><![CDATA[2022-03-07 00:30:21.808  INFO 15586 --- [    Test worker] .b.t.a.w.s.WebMvcTestContextBootstrapper : Neither @ContextConfiguration nor @ContextHierarchy found for test class [org.example.springboot.web.HelloControllerTest], using SpringBootContextLoader
2022-03-07 00:30:21.809  INFO 15586 --- [    Test worker] o.s.t.c.support.AbstractContextLoader    : Could not detect default resource locations for test class [org.example.springboot.web.HelloControllerTest]: no resource found for suffixes {-context.xml, Context.groovy}.
2022-03-07 00:30:21.809  INFO 15586 --- [    Test worker] t.c.s.AnnotationConfigContextLoaderUtils : Could not detect default configuration classes for test class [org.example.springboot.web.HelloControllerTest]: HelloControllerTest does not declare any static, non-private, non-final, nested classes annotated with @Configuration.
2022-03-07 00:30:21.832  INFO 15586 --- [    Test worker] .b.t.c.SpringBootTestContextBootstrapper : Found @SpringBootConfiguration org.example.springboot.Application for test class org.example.springboot.web.HelloControllerTest
2022-03-07 00:30:21.833  INFO 15586 --- [    Test worker] .b.t.a.w.s.WebMvcTestContextBootstrapper : Loaded default TestExecutionListener class names from location [META-INF/spring.factories]: [org.springframework.security.test.context.support.WithSecurityContextTestExecutionListener, org.springframework.security.test.context.support.ReactorContextTestExecutionListener, org.springframework.boot.test.autoconfigure.restdocs.RestDocsTestExecutionListener, org.springframework.boot.test.autoconfigure.web.client.MockRestServiceServerResetTestExecutionListener, org.springframework.boot.test.autoconfigure.web.servlet.MockMvcPrintOnlyOnFailureTestExecutionListener, org.springframework.boot.test.autoconfigure.web.servlet.WebDriverTestExecutionListener, org.springframework.boot.test.autoconfigure.webservices.client.MockWebServiceServerTestExecutionListener, org.springframework.boot.test.mock.mockito.MockitoTestExecutionListener, org.springframework.boot.test.mock.mockito.ResetMocksTestExecutionListener, org.springframework.test.context.web.ServletTestExecutionListener, org.springframework.test.context.support.DirtiesContextBeforeModesTestExecutionListener, org.springframework.test.context.support.DependencyInjectionTestExecutionListener, org.springframework.test.context.support.DirtiesContextTestExecutionListener, org.springframework.test.context.transaction.TransactionalTestExecutionListener, org.springframework.test.context.jdbc.SqlScriptsTestExecutionListener, org.springframework.test.context.event.EventPublishingTestExecutionListener]
2022-03-07 00:30:21.835  INFO 15586 --- [    Test worker] .b.t.a.w.s.WebMvcTestContextBootstrapper : Using TestExecutionListeners: [org.springframework.test.context.web.ServletTestExecutionListener@171d3d35, org.springframework.test.context.support.DirtiesContextBeforeModesTestExecutionListener@410d6892, org.springframework.boot.test.mock.mockito.MockitoTestExecutionListener@47cfdb93, org.springframework.boot.test.autoconfigure.SpringBootDependencyInjectionTestExecutionListener@3479442c, org.springframework.test.context.support.DirtiesContextTestExecutionListener@4af33303, org.springframework.test.context.transaction.TransactionalTestExecutionListener@60109b37, org.springframework.test.context.jdbc.SqlScriptsTestExecutionListener@59bac7e5, org.springframework.security.test.context.support.WithSecurityContextTestExecutionListener@279ca0da, org.springframework.test.context.event.EventPublishingTestExecutionListener@74a4f401, org.springframework.security.test.context.support.ReactorContextTestExecutionListener@10890081, org.springframework.boot.test.autoconfigure.restdocs.RestDocsTestExecutionListener@1f03689a, org.springframework.boot.test.autoconfigure.web.client.MockRestServiceServerResetTestExecutionListener@5ddb81d0, org.springframework.boot.test.autoconfigure.web.servlet.MockMvcPrintOnlyOnFailureTestExecutionListener@e0c7296, org.springframework.boot.test.autoconfigure.web.servlet.WebDriverTestExecutionListener@56d9e6de, org.springframework.boot.test.autoconfigure.webservices.client.MockWebServiceServerTestExecutionListener@529a0327, org.springframework.boot.test.mock.mockito.ResetMocksTestExecutionListener@53cecda5]

  .   ____          _            __ _ _
 /\\ / ___'_ __ _ _(_)_ __  __ _ \ \ \ \
( ( )\___ | '_ | '_| | '_ \/ _` | \ \ \ \
 \\/  ___)| |_)| | | | | || (_| |  ) ) ) )
  '  |____| .__|_| |_|_| |_\__, | / / / /
 =========|_|==============|___/=/_/_/_/
 :: Spring Boot ::                (v2.4.1)

2022-03-07 00:30:21.877  INFO 15586 --- [    Test worker] o.e.springboot.web.HelloControllerTest   : Starting HelloControllerTest using Java 1.8.0_321 on shafferui-MacBookPro.local with PID 15586 (started by shaffer in /Users/shaffer/IdeaProjects/FirstProject)
2022-03-07 00:30:21.879  INFO 15586 --- [    Test worker] o.e.springboot.web.HelloControllerTest   : No active profile set, falling back to default profiles: default
2022-03-07 00:30:22.412  INFO 15586 --- [    Test worker] o.s.s.concurrent.ThreadPoolTaskExecutor  : Initializing ExecutorService 'applicationTaskExecutor'
2022-03-07 00:30:22.450  INFO 15586 --- [    Test worker] o.s.b.a.w.s.WelcomePageHandlerMapping    : Adding welcome page template: index
2022-03-07 00:30:22.748  INFO 15586 --- [    Test worker] o.s.s.web.DefaultSecurityFilterChain     : Will secure any request with [org.springframework.security.web.context.request.async.WebAsyncManagerIntegrationFilter@49cd32ec, org.springframework.security.web.context.SecurityContextPersistenceFilter@9079d16, org.springframework.security.web.header.HeaderWriterFilter@7825774d, org.springframework.security.web.csrf.CsrfFilter@422cc4e1, org.springframework.security.web.authentication.logout.LogoutFilter@164e73e3, org.springframework.security.oauth2.client.web.OAuth2AuthorizationRequestRedirectFilter@ba09a8d, org.springframework.security.oauth2.client.web.OAuth2AuthorizationRequestRedirectFilter@4ba7c6b2, org.springframework.security.oauth2.client.web.OAuth2LoginAuthenticationFilter@211a17d3, org.springframework.security.web.authentication.ui.DefaultLoginPageGeneratingFilter@6d1e5bc1, org.springframework.security.web.authentication.ui.DefaultLogoutPageGeneratingFilter@1ae8bb86, org.springframework.security.web.savedrequest.RequestCacheAwareFilter@79a0417a, org.springframework.security.web.servletapi.SecurityContextHolderAwareRequestFilter@2a6cde1c, org.springframework.security.web.authentication.AnonymousAuthenticationFilter@11d73826, org.springframework.security.oauth2.client.web.OAuth2AuthorizationCodeGrantFilter@3cd6fc49, org.springframework.security.web.session.SessionManagementFilter@5c0abf64, org.springframework.security.web.access.ExceptionTranslationFilter@7d81bac6, org.springframework.security.web.access.intercept.FilterSecurityInterceptor@5d9a998a]
2022-03-07 00:30:22.843  INFO 15586 --- [    Test worker] o.s.b.t.m.w.SpringBootMockServletContext : Initializing Spring TestDispatcherServlet ''
2022-03-07 00:30:22.843  INFO 15586 --- [    Test worker] o.s.t.web.servlet.TestDispatcherServlet  : Initializing Servlet ''
2022-03-07 00:30:22.844  INFO 15586 --- [    Test worker] o.s.t.web.servlet.TestDispatcherServlet  : Completed initialization in 1 ms
2022-03-07 00:30:22.860  INFO 15586 --- [    Test worker] o.e.springboot.web.HelloControllerTest   : Started HelloControllerTest in 1.021 seconds (JVM running for 9.901)
]]></system-out>
  <system-err><![CDATA[]]></system-err>
</testsuite>
